<?xml version="1.0" encoding="utf-8"?><testsuites><testsuite errors="0" failures="0" hostname="PUNAC301303343A" name="pytest" skipped="0" tests="4" time="57.763" timestamp="2020-09-29T18:55:36.234098"><testcase classname="test_HomePageDemo.TestHomePage" file="test_HomePageDemo.py" line="14" name="test_formSubmission[getData0]" time="25.849"></testcase><testcase classname="test_HomePageDemo.TestHomePage" file="..\Utilities\BaseClassA.py" line="17" name="test_getLogger" time="0.119"></testcase><testcase classname="test_e2e.TestOne" file="test_e2e.py" line="15" name="test_e2e" time="31.183"></testcase><testcase classname="test_e2e.TestOne" file="..\Utilities\BaseClassA.py" line="17" name="test_getLogger" time="0.085"></testcase></testsuite></testsuites>